<?xml version="1.0" encoding="UTF-8"?>
<!-- Generated by org.testng.reporters.JUnitReportReporter -->
<testsuite hostname="Aylan-Elyan" failures="0" tests="1" name="Practice2Selenium.GetAjobTestng.NewtestAnnotaions" time="0.006" errors="0" timestamp="2022-08-04T17:55:21 EDT" skipped="0">
  <testcase classname="Practice2Selenium.GetAjobTestng.NewtestAnnotaions" name="f" time="0.006"/>
  <system-out/>
</testsuite> <!-- Practice2Selenium.GetAjobTestng.NewtestAnnotaions -->
