<?xml version="1.0" encoding="UTF-8"?>
<!-- Generated by org.testng.reporters.JUnitReportReporter -->
<testsuite hostname="Aylan-Elyan" failures="0" tests="3" name="Practice2Selenium.GetAjobTestng.FindElements" time="39.310" errors="0" timestamp="2022-08-08T01:18:58 EDT" skipped="0">
  <testcase classname="Practice2Selenium.GetAjobTestng.FindElements" name="ExcelSheetData" time="7.853"/>
  <system-out/>
  <testcase classname="Practice2Selenium.GetAjobTestng.FindElements" name="ProppertiesOfMethod" time="23.652"/>
  <system-out/>
  <testcase classname="Practice2Selenium.GetAjobTestng.FindElements" name="f" time="7.805"/>
  <system-out/>
</testsuite> <!-- Practice2Selenium.GetAjobTestng.FindElements -->
