<?xml version="1.0" encoding="UTF-8"?>
<!-- Generated by org.testng.reporters.JUnitReportReporter -->
<testsuite hostname="Aylan-Elyan" failures="0" tests="4" name="Practice2Selenium.GetAjobTestng.AmazonSignIn1" time="66.161" errors="0" timestamp="2022-08-07T02:41:07 EDT" skipped="0">
  <testcase classname="Practice2Selenium.GetAjobTestng.AmazonSignIn1" name="f" time="18.071"/>
  <system-out/>
  <testcase classname="Practice2Selenium.GetAjobTestng.AmazonSignIn1" name="f" time="19.761"/>
  <system-out/>
  <testcase classname="Practice2Selenium.GetAjobTestng.AmazonSignIn1" name="TextVerification" time="14.707"/>
  <system-out/>
  <testcase classname="Practice2Selenium.GetAjobTestng.AmazonSignIn1" name="TextVerification" time="13.622"/>
  <system-out/>
</testsuite> <!-- Practice2Selenium.GetAjobTestng.AmazonSignIn1 -->
